2023-07-17 12:01:17,817 - INFO - GET Address: https://www.mapquestapi.com/geocoding/v1/address - Status Code: 401
2023-07-17 12:01:17,817 - ERROR - GET Address: https://www.mapquestapi.com/geocoding/v1/address - Error: 401 Client Error: Unauthorized for url: https://www.mapquestapi.com/geocoding/v1/address?key=%3CYOUR_MAPQUEST_AUTH_KEY%3E&location=New+York%2C+USA
2023-07-17 12:01:18,124 - INFO - POST Address: https://www.mapquestapi.com/geocoding/v1/address - Status Code: 401
2023-07-17 12:01:18,124 - ERROR - POST Address: https://www.mapquestapi.com/geocoding/v1/address - Error: 401 Client Error: Unauthorized for url: https://www.mapquestapi.com/geocoding/v1/address?key=%3CYOUR_MAPQUEST_AUTH_KEY%3E
2023-07-17 12:01:18,434 - INFO - GET Reverse: https://www.mapquestapi.com/geocoding/v1/reverse - Status Code: 401
2023-07-17 12:01:18,434 - ERROR - GET Reverse: https://www.mapquestapi.com/geocoding/v1/reverse - Error: 401 Client Error: Unauthorized for url: https://www.mapquestapi.com/geocoding/v1/reverse?key=%3CYOUR_MAPQUEST_AUTH_KEY%3E&location=40.7128%2C-74.006
2023-07-17 12:01:19,810 - INFO - GET Address: https://www.mapquestapi.com/geocoding/v1/address - Status Code: 401
2023-07-17 12:01:19,810 - INFO - GET Address: https://www.mapquestapi.com/geocoding/v1/address - Status Code: 401
2023-07-17 12:01:19,810 - ERROR - GET Address: https://www.mapquestapi.com/geocoding/v1/address - Error: 401 Client Error: Unauthorized for url: https://www.mapquestapi.com/geocoding/v1/address?key=%3CYOUR_MAPQUEST_AUTH_KEY%3E&location=New+York%2C+USA
2023-07-17 12:01:19,810 - ERROR - GET Address: https://www.mapquestapi.com/geocoding/v1/address - Error: 401 Client Error: Unauthorized for url: https://www.mapquestapi.com/geocoding/v1/address?key=%3CYOUR_MAPQUEST_AUTH_KEY%3E&location=New+York%2C+USA
2023-07-17 12:01:20,174 - INFO - POST Address: https://www.mapquestapi.com/geocoding/v1/address - Status Code: 401
2023-07-17 12:01:20,174 - INFO - POST Address: https://www.mapquestapi.com/geocoding/v1/address - Status Code: 401
2023-07-17 12:01:20,174 - ERROR - POST Address: https://www.mapquestapi.com/geocoding/v1/address - Error: 401 Client Error: Unauthorized for url: https://www.mapquestapi.com/geocoding/v1/address?key=%3CYOUR_MAPQUEST_AUTH_KEY%3E
2023-07-17 12:01:20,174 - ERROR - POST Address: https://www.mapquestapi.com/geocoding/v1/address - Error: 401 Client Error: Unauthorized for url: https://www.mapquestapi.com/geocoding/v1/address?key=%3CYOUR_MAPQUEST_AUTH_KEY%3E
2023-07-17 12:01:20,697 - INFO - GET Reverse: https://www.mapquestapi.com/geocoding/v1/reverse - Status Code: 401
2023-07-17 12:01:20,697 - INFO - GET Reverse: https://www.mapquestapi.com/geocoding/v1/reverse - Status Code: 401
2023-07-17 12:01:20,698 - ERROR - GET Reverse: https://www.mapquestapi.com/geocoding/v1/reverse - Error: 401 Client Error: Unauthorized for url: https://www.mapquestapi.com/geocoding/v1/reverse?key=%3CYOUR_MAPQUEST_AUTH_KEY%3E&location=40.7128%2C-74.006
2023-07-17 12:01:20,698 - ERROR - GET Reverse: https://www.mapquestapi.com/geocoding/v1/reverse - Error: 401 Client Error: Unauthorized for url: https://www.mapquestapi.com/geocoding/v1/reverse?key=%3CYOUR_MAPQUEST_AUTH_KEY%3E&location=40.7128%2C-74.006
2023-07-17 12:05:55,486 - INFO - GET Address: https://www.mapquestapi.com/geocoding/v1/address - Status Code: 200
2023-07-17 12:05:55,940 - INFO - POST Address: https://www.mapquestapi.com/geocoding/v1/address - Status Code: 200
2023-07-17 12:05:56,212 - INFO - GET Reverse: https://www.mapquestapi.com/geocoding/v1/reverse - Status Code: 200
2023-07-17 12:05:57,849 - INFO - GET Address: https://www.mapquestapi.com/geocoding/v1/address - Status Code: 200
2023-07-17 12:05:57,849 - INFO - GET Address: https://www.mapquestapi.com/geocoding/v1/address - Status Code: 200
2023-07-17 12:05:58,391 - INFO - POST Address: https://www.mapquestapi.com/geocoding/v1/address - Status Code: 200
2023-07-17 12:05:58,391 - INFO - POST Address: https://www.mapquestapi.com/geocoding/v1/address - Status Code: 200
2023-07-17 12:05:58,697 - INFO - GET Reverse: https://www.mapquestapi.com/geocoding/v1/reverse - Status Code: 200
2023-07-17 12:05:58,697 - INFO - GET Reverse: https://www.mapquestapi.com/geocoding/v1/reverse - Status Code: 200
2023-07-17 14:36:11,664 - INFO - GET Address: https://www.mapquestapi.com/geocoding/v1/address - Status Code: 200
2023-07-17 14:36:12,157 - INFO - POST Address: https://www.mapquestapi.com/geocoding/v1/address - Status Code: 200
2023-07-17 14:36:12,482 - INFO - GET Reverse: https://www.mapquestapi.com/geocoding/v1/reverse - Status Code: 200
2023-07-17 14:36:14,399 - INFO - GET Address: https://www.mapquestapi.com/geocoding/v1/address - Status Code: 200
2023-07-17 14:36:14,399 - INFO - GET Address: https://www.mapquestapi.com/geocoding/v1/address - Status Code: 200
2023-07-17 14:36:14,914 - INFO - POST Address: https://www.mapquestapi.com/geocoding/v1/address - Status Code: 200
2023-07-17 14:36:14,914 - INFO - POST Address: https://www.mapquestapi.com/geocoding/v1/address - Status Code: 200
2023-07-17 14:36:15,215 - INFO - GET Reverse: https://www.mapquestapi.com/geocoding/v1/reverse - Status Code: 200
2023-07-17 14:36:15,215 - INFO - GET Reverse: https://www.mapquestapi.com/geocoding/v1/reverse - Status Code: 200
2023-07-21 15:04:19,307 - INFO - GET Address: https://www.mapquestapi.com/geocoding/v1/address - Status Code: 200
2023-07-21 15:04:19,786 - INFO - POST Address: https://www.mapquestapi.com/geocoding/v1/address - Status Code: 200
2023-07-21 15:04:20,056 - INFO - GET Reverse: https://www.mapquestapi.com/geocoding/v1/reverse - Status Code: 200
2023-07-21 15:04:22,090 - INFO - GET Address: https://www.mapquestapi.com/geocoding/v1/address - Status Code: 200
2023-07-21 15:04:22,090 - INFO - GET Address: https://www.mapquestapi.com/geocoding/v1/address - Status Code: 200
2023-07-21 15:04:22,552 - INFO - POST Address: https://www.mapquestapi.com/geocoding/v1/address - Status Code: 200
2023-07-21 15:04:22,552 - INFO - POST Address: https://www.mapquestapi.com/geocoding/v1/address - Status Code: 200
2023-07-21 15:04:22,962 - INFO - GET Reverse: https://www.mapquestapi.com/geocoding/v1/reverse - Status Code: 200
2023-07-21 15:04:22,962 - INFO - GET Reverse: https://www.mapquestapi.com/geocoding/v1/reverse - Status Code: 200
2023-07-21 15:08:20,740 - INFO - GET Address: https://www.mapquestapi.com/geocoding/v1/address - Status Code: 200
2023-07-21 15:08:21,252 - INFO - POST Address: https://www.mapquestapi.com/geocoding/v1/address - Status Code: 200
2023-07-21 15:08:21,560 - INFO - GET Reverse: https://www.mapquestapi.com/geocoding/v1/reverse - Status Code: 200
2023-07-21 15:08:23,199 - INFO - GET Address: https://www.mapquestapi.com/geocoding/v1/address - Status Code: 200
2023-07-21 15:08:23,199 - INFO - GET Address: https://www.mapquestapi.com/geocoding/v1/address - Status Code: 200
2023-07-21 15:08:23,645 - INFO - POST Address: https://www.mapquestapi.com/geocoding/v1/address - Status Code: 200
2023-07-21 15:08:23,645 - INFO - POST Address: https://www.mapquestapi.com/geocoding/v1/address - Status Code: 200
2023-07-21 15:08:24,018 - INFO - GET Reverse: https://www.mapquestapi.com/geocoding/v1/reverse - Status Code: 200
2023-07-21 15:08:24,018 - INFO - GET Reverse: https://www.mapquestapi.com/geocoding/v1/reverse - Status Code: 200
