2023-07-26 10:30:27,888 - ERROR - ERROR: File not found!
2023-07-26 10:32:40,358 - ERROR - ERROR: File not found!
2023-07-26 10:33:41,407 - ERROR - ERROR: File not found!
2023-07-26 10:34:48,713 - INFO - This
2023-07-26 10:34:48,713 - CRITICAL - CRITICAL: is
2023-07-26 10:34:48,713 - CRITICAL - CRITICAL: a
2023-07-26 10:34:48,713 - INFO - sample
2023-07-26 10:34:48,714 - INFO - text
2023-07-26 10:34:48,714 - INFO - file
2023-07-26 10:34:48,714 - INFO - with
2023-07-26 10:34:48,714 - CRITICAL - CRITICAL: no
2023-07-26 10:34:48,714 - INFO - short
2023-07-26 10:34:48,714 - INFO - words.
2023-07-26 10:37:30,230 - INFO - This
2023-07-26 10:37:30,231 - CRITICAL - CRITICAL: is
2023-07-26 10:37:30,231 - CRITICAL - CRITICAL: a
2023-07-26 10:37:30,231 - INFO - sample
2023-07-26 10:37:30,231 - INFO - text
2023-07-26 10:37:30,231 - INFO - file
2023-07-26 10:37:30,231 - INFO - with
2023-07-26 10:37:30,231 - CRITICAL - CRITICAL: no
2023-07-26 10:37:30,231 - INFO - short
2023-07-26 10:37:30,231 - INFO - words.
